<?xml version="1.0" encoding="UTF-8"?>
<!-- Generated by org.testng.reporters.JUnitReportReporter -->
<testsuite hostname="DESKTOP-P9UPF3A" failures="0" tests="2" name="testClasses.Class2" time="0.019" errors="0" timestamp="2022-05-30T13:20:39 IST" skipped="0">
  <testcase classname="testClasses.Class2" name="testD" time="0.006"/>
  <system-out/>
  <testcase classname="testClasses.Class2" name="testC" time="0.013"/>
  <system-out/>
</testsuite> <!-- testClasses.Class2 -->
