<?xml version="1.0" encoding="UTF-8"?>
<!-- Generated by org.testng.reporters.JUnitReportReporter -->
<testsuite hostname="DESKTOP-P9UPF3A" failures="0" tests="2" name="Class1" time="0.020" errors="0" timestamp="2022-05-24T16:47:09 IST" skipped="0">
  <testcase classname="Class1" name="testA" time="0.009"/>
  <system-out/>
  <testcase classname="Class1" name="testB" time="0.011"/>
  <system-out/>
</testsuite> <!-- Class1 -->
