<?xml version="1.0" encoding="UTF-8"?>
<!-- Generated by org.testng.reporters.JUnitReportReporter -->
<testsuite hostname="DESKTOP-P9UPF3A" failures="0" tests="3" name="TesttClass" time="96.487" errors="0" timestamp="2022-05-19T15:00:58 IST" skipped="0">
  <testcase classname="TesttClass" name="VerifyReportButton" time="50.661"/>
  <system-out/>
  <testcase classname="TesttClass" name="VerifyTaskButton" time="28.880"/>
  <system-out/>
  <testcase classname="TesttClass" name="VerifyUserButton" time="16.946"/>
  <system-out/>
</testsuite> <!-- TesttClass -->
