<?xml version="1.0" encoding="UTF-8"?>
<!-- Generated by org.testng.reporters.JUnitReportReporter -->
<testsuite hostname="DESKTOP-P9UPF3A" failures="0" tests="2" name="testClasses.Class1" time="0.042" errors="0" timestamp="2022-05-30T13:20:39 IST" skipped="0">
  <testcase classname="testClasses.Class1" name="testB" time="0.010"/>
  <system-out/>
  <testcase classname="testClasses.Class1" name="testA" time="0.032"/>
  <system-out/>
</testsuite> <!-- testClasses.Class1 -->
