<?xml version="1.0" encoding="UTF-8"?>
<!-- Generated by org.testng.reporters.JUnitReportReporter -->
<testsuite hostname="DESKTOP-P9UPF3A" failures="0" tests="2" name="Class2" time="0.017" errors="0" timestamp="2022-05-24T16:48:01 IST" skipped="0">
  <testcase classname="Class2" name="testC" time="0.009"/>
  <system-out/>
  <testcase classname="Class2" name="testD" time="0.008"/>
  <system-out/>
</testsuite> <!-- Class2 -->
